<?xml version="1.0" encoding="UTF-8"?>
<testng-results skipped="0" failed="0" ignored="0" total="1" passed="1">
  <reporter-output>
  </reporter-output>
  <suite name="Suite" duration-ms="11800" started-at="2018-02-23T23:50:15Z" finished-at="2018-02-23T23:50:27Z">
    <groups>
    </groups>
    <test name="Test" duration-ms="11800" started-at="2018-02-23T23:50:15Z" finished-at="2018-02-23T23:50:27Z">
      <class name="test.Selenium_Jenkins_Int">
        <test-method status="PASS" signature="SetUp()[pri:0, instance:test.Selenium_Jenkins_Int@6b4a4e18]" name="SetUp" is-config="true" duration-ms="7484" started-at="2018-02-23T23:50:16Z" finished-at="2018-02-23T23:50:23Z">
          <reporter-output>
          </reporter-output>
        </test-method> <!-- SetUp -->
        <test-method status="PASS" signature="test()[pri:0, instance:test.Selenium_Jenkins_Int@6b4a4e18]" name="test" duration-ms="3588" started-at="2018-02-23T23:50:23Z" finished-at="2018-02-23T23:50:27Z">
          <reporter-output>
          </reporter-output>
        </test-method> <!-- test -->
        <test-method status="PASS" signature="tearDown()[pri:0, instance:test.Selenium_Jenkins_Int@6b4a4e18]" name="tearDown" is-config="true" duration-ms="687" started-at="2018-02-23T23:50:27Z" finished-at="2018-02-23T23:50:27Z">
          <reporter-output>
          </reporter-output>
        </test-method> <!-- tearDown -->
      </class> <!-- test.Selenium_Jenkins_Int -->
    </test> <!-- Test -->
  </suite> <!-- Suite -->
</testng-results>
