<?xml version="1.0" encoding="UTF-8"?>
<testng-results skipped="0" failed="0" ignored="0" total="1" passed="1">
  <reporter-output>
  </reporter-output>
  <suite name="Default suite" duration-ms="11526" started-at="2018-02-23T16:40:44Z" finished-at="2018-02-23T16:40:56Z">
    <groups>
    </groups>
    <test name="Default test" duration-ms="11526" started-at="2018-02-23T16:40:44Z" finished-at="2018-02-23T16:40:56Z">
      <class name="test.Selenium_Jenkins_Int">
        <test-method status="PASS" signature="SetUp()[pri:0, instance:test.Selenium_Jenkins_Int@724af044]" name="SetUp" is-config="true" duration-ms="7141" started-at="2018-02-23T16:40:44Z" finished-at="2018-02-23T16:40:51Z">
          <reporter-output>
          </reporter-output>
        </test-method> <!-- SetUp -->
        <test-method status="PASS" signature="test()[pri:0, instance:test.Selenium_Jenkins_Int@724af044]" name="test" duration-ms="3618" started-at="2018-02-23T16:40:51Z" finished-at="2018-02-23T16:40:55Z">
          <reporter-output>
          </reporter-output>
        </test-method> <!-- test -->
        <test-method status="PASS" signature="tearDown()[pri:0, instance:test.Selenium_Jenkins_Int@724af044]" name="tearDown" is-config="true" duration-ms="730" started-at="2018-02-23T16:40:55Z" finished-at="2018-02-23T16:40:56Z">
          <reporter-output>
          </reporter-output>
        </test-method> <!-- tearDown -->
      </class> <!-- test.Selenium_Jenkins_Int -->
    </test> <!-- Default test -->
  </suite> <!-- Default suite -->
</testng-results>
